nohup: ignoring input
{'reach-v1': <class 'metaworld.envs.mujoco.sawyer_xyz.sawyer_reach_push_pick_place.SawyerReachPushPickPlaceEnv'>, 'push-v1': <class 'metaworld.envs.mujoco.sawyer_xyz.sawyer_reach_push_pick_place.SawyerReachPushPickPlaceEnv'>, 'pick-place-v1': <class 'metaworld.envs.mujoco.sawyer_xyz.sawyer_reach_push_pick_place.SawyerReachPushPickPlaceEnv'>, 'door-v1': <class 'metaworld.envs.mujoco.sawyer_xyz.sawyer_door.SawyerDoorEnv'>, 'drawer-open-v1': <class 'metaworld.envs.mujoco.sawyer_xyz.sawyer_drawer_open.SawyerDrawerOpenEnv'>, 'drawer-close-v1': <class 'metaworld.envs.mujoco.sawyer_xyz.sawyer_drawer_close.SawyerDrawerCloseEnv'>, 'button-press-topdown-v1': <class 'metaworld.envs.mujoco.sawyer_xyz.sawyer_button_press_topdown.SawyerButtonPressTopdownEnv'>, 'ped-insert-side-v1': <class 'metaworld.envs.mujoco.sawyer_xyz.sawyer_peg_insertion_side.SawyerPegInsertionSideEnv'>, 'window-open-v1': <class 'metaworld.envs.mujoco.sawyer_xyz.sawyer_window_open.SawyerWindowOpenEnv'>, 'window-close-v1': <class 'metaworld.envs.mujoco.sawyer_xyz.sawyer_window_close.SawyerWindowCloseEnv'>}
args.seed 1
2022-04-20 11:33:38,616 MainThread INFO: Experiment Name:MT10_MTSAC_MGDA_2022_04_20
2022-04-20 11:33:38,617 MainThread INFO: {
  "env_name": "mt10",
  "env": {
    "reward_scale": 1,
    "obs_norm": false
  },
  "meta_env": {
    "obs_type": "with_goal_and_id"
  },
  "replay_buffer": {
    "size": 1000000.0
  },
  "net": {
    "hidden_shapes": [
      400,
      400,
      400
    ],
    "append_hidden_shapes": []
  },
  "general_setting": {
    "discount": 0.99,
    "pretrain_epochs": 20,
    "num_epochs": 7500,
    "epoch_frames": 200,
    "max_episode_frames": 200,
    "batch_size": 1280,
    "min_pool": 10000,
    "target_hard_update_period": 1000,
    "use_soft_update": true,
    "tau": 0.005,
    "opt_times": 200,
    "eval_episodes": 3
  },
  "sac": {
    "plr": 0.0003,
    "qlr": 0.0003,
    "reparameterization": true,
    "automatic_entropy_tuning": false,
    "policy_std_reg_weight": 0,
    "policy_mean_reg_weight": 0
  }
}
Box(4,)
Box(19,)
/home/pgao/anaconda3/envs/multitask_rl/lib/python3.7/site-packages/gym/logger.py:30: UserWarning: [33mWARN: Could not seed environment <MTEnv instance>[0m
  warnings.warn(colorize('%s: %s'%('WARN', msg % args), 'yellow'))
2022-04-20 11:35:26,408 MainThread INFO: EPOCH:0
2022-04-20 11:35:26,409 MainThread INFO: Time Consumed:67.84588408470154s
2022-04-20 11:35:26,409 MainThread INFO: Total Frames:2000s
--------------------------------  -----------  ---  ---  ---
Name                              Value
Train_Epoch_Reward                15252.69500
Running_Training_Average_Rewards  917.45556

Name                              Mean         Std  Max  Min
--------------------------------  -----------  ---  ---  ---
2022-04-20 11:36:36,653 MainThread INFO: EPOCH:1
2022-04-20 11:36:36,653 MainThread INFO: Time Consumed:70.18468070030212s
2022-04-20 11:36:36,653 MainThread INFO: Total Frames:4000s
--------------------------------  -----------  ---  ---  ---
Name                              Value
Train_Epoch_Reward                32969.37329
Running_Training_Average_Rewards  2045.87592

Name                              Mean         Std  Max  Min
--------------------------------  -----------  ---  ---  ---
2022-04-20 11:37:30,660 MainThread INFO: EPOCH:2
2022-04-20 11:37:30,660 MainThread INFO: Time Consumed:54.00540375709534s
2022-04-20 11:37:30,660 MainThread INFO: Total Frames:6000s
--------------------------------  -----------  ---  ---  ---
Name                              Value
Train_Epoch_Reward                11176.54862
Running_Training_Average_Rewards  1674.13538

Name                              Mean         Std  Max  Min
--------------------------------  -----------  ---  ---  ---
2022-04-20 11:38:24,409 MainThread INFO: EPOCH:3
2022-04-20 11:38:24,409 MainThread INFO: Time Consumed:53.747199296951294s
2022-04-20 11:38:24,409 MainThread INFO: Total Frames:8000s
--------------------------------  ----------  ---  ---  ---
Name                              Value
Train_Epoch_Reward                8639.34660
Running_Training_Average_Rewards  814.35837

Name                              Mean        Std  Max  Min
--------------------------------  ----------  ---  ---  ---
2022-04-20 11:39:14,631 MainThread INFO: EPOCH:4
2022-04-20 11:39:14,631 MainThread INFO: Time Consumed:50.22093319892883s
2022-04-20 11:39:14,631 MainThread INFO: Total Frames:10000s
--------------------------------  -----------  ---  ---  ---
Name                              Value
Train_Epoch_Reward                22036.74345
Running_Training_Average_Rewards  1173.48295

Name                              Mean         Std  Max  Min
--------------------------------  -----------  ---  ---  ---
2022-04-20 11:39:50,274 MainThread INFO: EPOCH:5
2022-04-20 11:39:50,274 MainThread INFO: Time Consumed:35.6418559551239s
2022-04-20 11:39:50,274 MainThread INFO: Total Frames:12000s
--------------------------------  -----------  ---  ---  ---
Name                              Value
Train_Epoch_Reward                23644.42412
Running_Training_Average_Rewards  1612.36206

Name                              Mean         Std  Max  Min
--------------------------------  -----------  ---  ---  ---
2022-04-20 11:40:27,836 MainThread INFO: EPOCH:6
2022-04-20 11:40:27,836 MainThread INFO: Time Consumed:37.5600860118866s
2022-04-20 11:40:27,838 MainThread INFO: Total Frames:14000s
--------------------------------  -----------  ---  ---  ---
Name                              Value
Train_Epoch_Reward                16295.70412
Running_Training_Average_Rewards  1749.59829

Name                              Mean         Std  Max  Min
--------------------------------  -----------  ---  ---  ---
2022-04-20 11:41:05,388 MainThread INFO: EPOCH:7
2022-04-20 11:41:05,389 MainThread INFO: Time Consumed:37.54911494255066s
2022-04-20 11:41:05,389 MainThread INFO: Total Frames:16000s
--------------------------------  ----------  ---  ---  ---
Name                              Value
Train_Epoch_Reward                7335.77212
Running_Training_Average_Rewards  530.69688

Name                              Mean        Std  Max  Min
--------------------------------  ----------  ---  ---  ---
2022-04-20 11:41:42,028 MainThread INFO: EPOCH:8
2022-04-20 11:41:42,028 MainThread INFO: Time Consumed:36.637866497039795s
2022-04-20 11:41:42,028 MainThread INFO: Total Frames:18000s
